FILE_TYPE=LIBRARY_PARTS;
PRIMITIVE 'CGA3E2C0G1H682J080AD';
  PIN
    '1':
      PIN_NUMBER='(1)';
      NO_LOAD_CHECK=BOTH;
      NO_IO_CHECK=BOTH;
      ALLOW_CONNECT=TRUE;
      PINUSE='UNSPEC';
    '2':
      PIN_NUMBER='(2)';
      NO_LOAD_CHECK=BOTH;
      NO_IO_CHECK=BOTH;
      ALLOW_CONNECT=TRUE;
      PINUSE='UNSPEC';
  END_PIN;
  BODY
    PART_NAME='CGA3E2C0G1H682J080AD';
    PHYS_DES_PREFIX='C';
    NO_LOAD_CHECK='TRUE';
    PIN_COUNT='2';
    BODY_NAME='CGA3E2C0G1H682J080AD';
    JEDEC_TYPE='CAPC1608X90N';
  END_BODY;
END_PRIMITIVE;
END.
