FILE_TYPE=LIBRARY_PARTS;
PRIMITIVE 'AS0805KKX7R0BB104';
  PIN
    '1':
      PIN_NUMBER='(1)';
      NO_LOAD_CHECK=BOTH;
      NO_IO_CHECK=BOTH;
      ALLOW_CONNECT=TRUE;
      PINUSE='BIDIR';
    '2':
      PIN_NUMBER='(2)';
      NO_LOAD_CHECK=BOTH;
      NO_IO_CHECK=BOTH;
      ALLOW_CONNECT=TRUE;
      PINUSE='BIDIR';
  END_PIN;
  BODY
    PART_NAME='AS0805KKX7R0BB104';
    PHYS_DES_PREFIX='C';
    NO_LOAD_CHECK='TRUE';
    PIN_COUNT='2';
    BODY_NAME='AS0805KKX7R0BB104';
    JEDEC_TYPE='CAPC2012X145N';
  END_BODY;
END_PRIMITIVE;
END.
